<?xml version="1.0" encoding="UTF-8"?>
<testsuite name="com.sellerapp.DemoApplicationTests" tests="1" skipped="0" failures="0" errors="0" timestamp="2021-04-14T09:54:23" hostname="Abhisheks-MacBook-Pro.local" time="0.105">
  <properties/>
  <testcase name="contextLoads()" classname="com.sellerapp.DemoApplicationTests" time="0.105"/>
  <system-out><![CDATA[15:24:15.772 [Test worker] DEBUG org.springframework.test.context.BootstrapUtils - Instantiating CacheAwareContextLoaderDelegate from class [org.springframework.test.context.cache.DefaultCacheAwareContextLoaderDelegate]
15:24:15.780 [Test worker] DEBUG org.springframework.test.context.BootstrapUtils - Instantiating BootstrapContext using constructor [public org.springframework.test.context.support.DefaultBootstrapContext(java.lang.Class,org.springframework.test.context.CacheAwareContextLoaderDelegate)]
15:24:15.802 [Test worker] DEBUG org.springframework.test.context.BootstrapUtils - Instantiating TestContextBootstrapper for test class [com.sellerapp.DemoApplicationTests] from class [org.springframework.boot.test.context.SpringBootTestContextBootstrapper]
15:24:15.810 [Test worker] INFO org.springframework.boot.test.context.SpringBootTestContextBootstrapper - Neither @ContextConfiguration nor @ContextHierarchy found for test class [com.sellerapp.DemoApplicationTests], using SpringBootContextLoader
15:24:15.812 [Test worker] DEBUG org.springframework.test.context.support.AbstractContextLoader - Did not detect default resource location for test class [com.sellerapp.DemoApplicationTests]: class path resource [com/sellerapp/DemoApplicationTests-context.xml] does not exist
15:24:15.813 [Test worker] DEBUG org.springframework.test.context.support.AbstractContextLoader - Did not detect default resource location for test class [com.sellerapp.DemoApplicationTests]: class path resource [com/sellerapp/DemoApplicationTestsContext.groovy] does not exist
15:24:15.813 [Test worker] INFO org.springframework.test.context.support.AbstractContextLoader - Could not detect default resource locations for test class [com.sellerapp.DemoApplicationTests]: no resource found for suffixes {-context.xml, Context.groovy}.
15:24:15.813 [Test worker] INFO org.springframework.test.context.support.AnnotationConfigContextLoaderUtils - Could not detect default configuration classes for test class [com.sellerapp.DemoApplicationTests]: DemoApplicationTests does not declare any static, non-private, non-final, nested classes annotated with @Configuration.
15:24:15.842 [Test worker] DEBUG org.springframework.test.context.support.ActiveProfilesUtils - Could not find an 'annotation declaring class' for annotation type [org.springframework.test.context.ActiveProfiles] and class [com.sellerapp.DemoApplicationTests]
15:24:15.879 [Test worker] DEBUG org.springframework.context.annotation.ClassPathScanningCandidateComponentProvider - Identified candidate component class: file [/Users/abhishektadkod/IdeaProjects/Temp/build/classes/java/main/com/sellerapp/DemoApplication.class]
15:24:15.879 [Test worker] INFO org.springframework.boot.test.context.SpringBootTestContextBootstrapper - Found @SpringBootConfiguration com.sellerapp.DemoApplication for test class com.sellerapp.DemoApplicationTests
15:24:15.931 [Test worker] DEBUG org.springframework.boot.test.context.SpringBootTestContextBootstrapper - @TestExecutionListeners is not present for class [com.sellerapp.DemoApplicationTests]: using defaults.
15:24:15.931 [Test worker] INFO org.springframework.boot.test.context.SpringBootTestContextBootstrapper - Loaded default TestExecutionListener class names from location [META-INF/spring.factories]: [org.springframework.boot.test.autoconfigure.restdocs.RestDocsTestExecutionListener, org.springframework.boot.test.autoconfigure.web.client.MockRestServiceServerResetTestExecutionListener, org.springframework.boot.test.autoconfigure.web.servlet.MockMvcPrintOnlyOnFailureTestExecutionListener, org.springframework.boot.test.autoconfigure.web.servlet.WebDriverTestExecutionListener, org.springframework.boot.test.autoconfigure.webservices.client.MockWebServiceServerTestExecutionListener, org.springframework.boot.test.mock.mockito.MockitoTestExecutionListener, org.springframework.boot.test.mock.mockito.ResetMocksTestExecutionListener, org.springframework.test.context.web.ServletTestExecutionListener, org.springframework.test.context.support.DirtiesContextBeforeModesTestExecutionListener, org.springframework.test.context.event.ApplicationEventsTestExecutionListener, org.springframework.test.context.support.DependencyInjectionTestExecutionListener, org.springframework.test.context.support.DirtiesContextTestExecutionListener, org.springframework.test.context.transaction.TransactionalTestExecutionListener, org.springframework.test.context.jdbc.SqlScriptsTestExecutionListener, org.springframework.test.context.event.EventPublishingTestExecutionListener]
15:24:15.943 [Test worker] INFO org.springframework.boot.test.context.SpringBootTestContextBootstrapper - Using TestExecutionListeners: [org.springframework.test.context.web.ServletTestExecutionListener@193f324d, org.springframework.test.context.support.DirtiesContextBeforeModesTestExecutionListener@685879b4, org.springframework.test.context.event.ApplicationEventsTestExecutionListener@242fe656, org.springframework.boot.test.mock.mockito.MockitoTestExecutionListener@6d405cf9, org.springframework.boot.test.autoconfigure.SpringBootDependencyInjectionTestExecutionListener@d8da646, org.springframework.test.context.support.DirtiesContextTestExecutionListener@26b3eb9a, org.springframework.test.context.transaction.TransactionalTestExecutionListener@7df5b44c, org.springframework.test.context.jdbc.SqlScriptsTestExecutionListener@123d989f, org.springframework.test.context.event.EventPublishingTestExecutionListener@72e2a308, org.springframework.boot.test.autoconfigure.restdocs.RestDocsTestExecutionListener@4b3469f5, org.springframework.boot.test.autoconfigure.web.client.MockRestServiceServerResetTestExecutionListener@1b33f30b, org.springframework.boot.test.autoconfigure.web.servlet.MockMvcPrintOnlyOnFailureTestExecutionListener@65b47992, org.springframework.boot.test.autoconfigure.web.servlet.WebDriverTestExecutionListener@2a97ccf, org.springframework.boot.test.autoconfigure.webservices.client.MockWebServiceServerTestExecutionListener@6abac6ae, org.springframework.boot.test.mock.mockito.ResetMocksTestExecutionListener@6e15cb59]
15:24:15.945 [Test worker] DEBUG org.springframework.test.context.support.AbstractDirtiesContextTestExecutionListener - Before test class: context [DefaultTestContext@5ab9b106 testClass = DemoApplicationTests, testInstance = [null], testMethod = [null], testException = [null], mergedContextConfiguration = [WebMergedContextConfiguration@65c334e testClass = DemoApplicationTests, locations = '{}', classes = '{class com.sellerapp.DemoApplication}', contextInitializerClasses = '[]', activeProfiles = '{}', propertySourceLocations = '{}', propertySourceProperties = '{org.springframework.boot.test.context.SpringBootTestContextBootstrapper=true}', contextCustomizers = set[org.springframework.boot.test.autoconfigure.actuate.metrics.MetricsExportContextCustomizerFactory$DisableMetricExportContextCustomizer@444b484, org.springframework.boot.test.autoconfigure.properties.PropertyMappingContextCustomizer@0, org.springframework.boot.test.autoconfigure.web.servlet.WebDriverContextCustomizerFactory$Customizer@5591a665, org.springframework.boot.test.context.filter.ExcludeFilterContextCustomizer@1c4ce341, org.springframework.boot.test.json.DuplicateJsonObjectContextCustomizerFactory$DuplicateJsonObjectContextCustomizer@3204fb2b, org.springframework.boot.test.mock.mockito.MockitoContextCustomizer@0, org.springframework.boot.test.web.client.TestRestTemplateContextCustomizer@7ab2224, org.springframework.boot.test.context.SpringBootTestArgs@1, org.springframework.boot.test.context.SpringBootTestWebEnvironment@1a122a9d], resourceBasePath = 'src/main/webapp', contextLoader = 'org.springframework.boot.test.context.SpringBootContextLoader', parent = [null]], attributes = map['org.springframework.test.context.web.ServletTestExecutionListener.activateListener' -> true]], class annotated with @DirtiesContext [false] with mode [null].
15:24:15.963 [Test worker] DEBUG org.springframework.test.context.support.TestPropertySourceUtils - Adding inlined properties to environment: {spring.jmx.enabled=false, org.springframework.boot.test.context.SpringBootTestContextBootstrapper=true}

  .   ____          _            __ _ _
 /\\ / ___'_ __ _ _(_)_ __  __ _ \ \ \ \
( ( )\___ | '_ | '_| | '_ \/ _` | \ \ \ \
 \\/  ___)| |_)| | | | | || (_| |  ) ) ) )
  '  |____| .__|_| |_|_| |_\__, | / / / /
 =========|_|==============|___/=/_/_/_/
 :: Spring Boot ::                (v2.4.3)

2021-04-14 15:24:21.132  INFO 65623 --- [    Test worker] com.sellerapp.DemoApplicationTests       : Starting DemoApplicationTests using Java 15.0.2 on Abhisheks-MacBook-Pro.local with PID 65623 (started by root in /Users/abhishektadkod/IdeaProjects/Temp)
2021-04-14 15:24:21.134  INFO 65623 --- [    Test worker] com.sellerapp.DemoApplicationTests       : No active profile set, falling back to default profiles: default
2021-04-14 15:24:21.523  INFO 65623 --- [    Test worker] .s.d.r.c.RepositoryConfigurationDelegate : Bootstrapping Spring Data JPA repositories in DEFAULT mode.
2021-04-14 15:24:21.557  INFO 65623 --- [    Test worker] .s.d.r.c.RepositoryConfigurationDelegate : Finished Spring Data repository scanning in 30 ms. Found 3 JPA repository interfaces.
2021-04-14 15:24:21.860  INFO 65623 --- [    Test worker] o.hibernate.jpa.internal.util.LogHelper  : HHH000204: Processing PersistenceUnitInfo [name: default]
2021-04-14 15:24:21.893  INFO 65623 --- [    Test worker] org.hibernate.Version                    : HHH000412: Hibernate ORM core version 5.4.28.Final
2021-04-14 15:24:21.982  INFO 65623 --- [    Test worker] o.hibernate.annotations.common.Version   : HCANN000001: Hibernate Commons Annotations {5.1.2.Final}
2021-04-14 15:24:22.038  INFO 65623 --- [    Test worker] com.zaxxer.hikari.HikariDataSource       : HikariPool-1 - Starting...
2021-04-14 15:24:22.121  INFO 65623 --- [    Test worker] com.zaxxer.hikari.HikariDataSource       : HikariPool-1 - Start completed.
2021-04-14 15:24:22.136  INFO 65623 --- [    Test worker] org.hibernate.dialect.Dialect            : HHH000400: Using dialect: org.hibernate.dialect.PostgreSQLDialect
2021-04-14 15:24:22.671  INFO 65623 --- [    Test worker] o.h.e.t.j.p.i.JtaPlatformInitiator       : HHH000490: Using JtaPlatform implementation: [org.hibernate.engine.transaction.jta.platform.internal.NoJtaPlatform]
2021-04-14 15:24:22.676  INFO 65623 --- [    Test worker] j.LocalContainerEntityManagerFactoryBean : Initialized JPA EntityManagerFactory for persistence unit 'default'
2021-04-14 15:24:23.062  WARN 65623 --- [    Test worker] JpaBaseConfiguration$JpaWebConfiguration : spring.jpa.open-in-view is enabled by default. Therefore, database queries may be performed during view rendering. Explicitly configure spring.jpa.open-in-view to disable this warning
2021-04-14 15:24:23.188  INFO 65623 --- [    Test worker] o.s.s.concurrent.ThreadPoolTaskExecutor  : Initializing ExecutorService 'applicationTaskExecutor'
2021-04-14 15:24:23.401  INFO 65623 --- [    Test worker] com.sellerapp.DemoApplicationTests       : Started DemoApplicationTests in 7.433 seconds (JVM running for 8.156)
]]></system-out>
  <system-err><![CDATA[]]></system-err>
</testsuite>
